{"numFailedTestSuites":0,"numFailedTests":0,"numPassedTestSuites":19,"numPassedTests":519,"numPendingTestSuites":0,"numPendingTests":0,"numRuntimeErrorTestSuites":0,"numTodoTests":0,"numTotalTestSuites":19,"numTotalTests":519,"openHandles":[],"snapshot":{"added":0,"didUpdate":false,"failure":false,"filesAdded":0,"filesRemoved":0,"filesRemovedList":[],"filesUnmatched":0,"filesUpdated":0,"matched":0,"total":0,"unchecked":0,"uncheckedKeysByFile":[],"unmatched":0,"updated":0},"startTime":1782014896411,"success":true,"testResults":[{"assertionResults":[{"ancestorTitles":["OrnamentPlanner (Pass D)","execute()"],"duration":2,"failing":false,"failureDetails":[],"failureMessages":[],"fullName":"OrnamentPlanner (Pass D) execute() should generate ornament notes for structural notes","invocations":1,"location":null,"numPassingAsserts":2,"retryReasons":[],"startAt":1782014896654,"status":"passed","title":"should generate ornament notes for structural notes"},{"ancestorTitles":["OrnamentPlanner (Pass D)","execute()"],"duration":1,"failing":false,"failureDetails":[],"failureMessages":[],"fullName":"OrnamentPlanner (Pass D) execute() should not ornament connector notes","invocations":1,"location":null,"numPassingAsserts":1,"retryReasons":[],"startAt":1782014896656,"status":"passed","title":"should not ornament connector notes"},{"ancestorTitles":["OrnamentPlanner (Pass D)","execute()"],"duration":0,"failing":false,"failureDetails":[],"failureMessages":[],"fullName":"OrnamentPlanner (Pass D) execute() should respect ornament density parameter","invocations":1,"location":null,"numPassingAsserts":1,"retryReasons":[],"startAt":1782014896657,"status":"passed","title":"should respect ornament density parameter"},{"ancestorTitles":["OrnamentPlanner (Pass D)","execute()"],"duration":0,"failing":false,"failureDetails":[],"failureMessages":[],"fullName":"OrnamentPlanner (Pass D) execute() should return proper PassResult with evaluation metrics","invocations":1,"location":null,"numPassingAsserts":3,"retryReasons":[],"startAt":1782014896657,"status":"passed","title":"should return proper PassResult with evaluation metrics"},{"ancestorTitles":["OrnamentPlanner (Pass D)","execute()"],"duration":1,"failing":false,"failureDetails":[],"failureMessages":[],"fullName":"OrnamentPlanner (Pass D) execute() should handle empty previous notes","invocations":1,"location":null,"numPassingAsserts":2,"retryReasons":[],"startAt":1782014896657,"status":"passed","title":"should handle empty previous notes"},{"ancestorTitles":["OrnamentPlanner (Pass D)","execute()"],"duration":0,"failing":false,"failureDetails":[],"failureMessages":[],"fullName":"OrnamentPlanner (Pass D) execute() should skip ornament after 3 consecutive same-pitch ornaments","invocations":1,"location":null,"numPassingAsserts":1,"retryReasons":[],"startAt":1782014896658,"status":"passed","title":"should skip ornament after 3 consecutive same-pitch ornaments"},{"ancestorTitles":["OrnamentPlanner (Pass D)","_generateGraceNote()"],"duration":1,"failing":false,"failureDetails":[],"failureMessages":[],"fullName":"OrnamentPlanner (Pass D) _generateGraceNote() should generate a grace note before target","invocations":1,"location":null,"numPassingAsserts":4,"retryReasons":[],"startAt":1782014896658,"status":"passed","title":"should generate a grace note before target"},{"ancestorTitles":["OrnamentPlanner (Pass D)","_generateTrill()"],"duration":0,"failing":false,"failureDetails":[],"failureMessages":[],"fullName":"OrnamentPlanner (Pass D) _generateTrill() should generate rapid alternation between note and upper neighbor","invocations":1,"location":null,"numPassingAsserts":5,"retryReasons":[],"startAt":1782014896659,"status":"passed","title":"should generate rapid alternation between note and upper neighbor"},{"ancestorTitles":["OrnamentPlanner (Pass D)","_generateTurn()"],"duration":0,"failing":false,"failureDetails":[],"failureMessages":[],"fullName":"OrnamentPlanner (Pass D) _generateTurn() should generate upper neighbor - target - lower neighbor - target","invocations":1,"location":null,"numPassingAsserts":7,"retryReasons":[],"startAt":1782014896659,"status":"passed","title":"should generate upper neighbor - target - lower neighbor - target"},{"ancestorTitles":["OrnamentPlanner (Pass D)","_generateAppoggiatura()"],"duration":0,"failing":false,"failureDetails":[],"failureMessages":[],"fullName":"OrnamentPlanner (Pass D) _generateAppoggiatura() should generate approach from above or below","invocations":1,"location":null,"numPassingAsserts":4,"retryReasons":[],"startAt":1782014896660,"status":"passed","title":"should generate approach from above or below"}],"endTime":1782014896660,"message":"","name":"/Users/sheldonlawrence/Desktop/progress/mgen/tests/passD_ornament.test.js","startTime":1782014896503,"status":"passed","summary":""},{"assertionResults":[{"ancestorTitles":["StyleEngine","execute()"],"duration":2,"failing":false,"failureDetails":[],"failureMessages":[],"fullName":"StyleEngine execute() should apply style rules to notes","invocations":1,"location":null,"numPassingAsserts":3,"retryReasons":[],"startAt":1782014896654,"status":"passed","title":"should apply style rules to notes"},{"ancestorTitles":["StyleEngine","execute()"],"duration":1,"failing":false,"failureDetails":[],"failureMessages":[],"fullName":"StyleEngine execute() should return proper PassResult with evaluation metrics","invocations":1,"location":null,"numPassingAsserts":6,"retryReasons":[],"startAt":1782014896656,"status":"passed","title":"should return proper PassResult with evaluation metrics"},{"ancestorTitles":["StyleEngine","execute()"],"duration":0,"failing":false,"failureDetails":[],"failureMessages":[],"fullName":"StyleEngine execute() should handle empty previous notes","invocations":1,"location":null,"numPassingAsserts":2,"retryReasons":[],"startAt":1782014896657,"status":"passed","title":"should handle empty previous notes"},{"ancestorTitles":["StyleEngine","execute()"],"duration":6,"failing":false,"failureDetails":[],"failureMessages":[],"fullName":"StyleEngine execute() should throw error for unknown style","invocations":1,"location":null,"numPassingAsserts":1,"retryReasons":[],"startAt":1782014896657,"status":"passed","title":"should throw error for unknown style"},{"ancestorTitles":["StyleEngine","setActiveStyle()"],"duration":0,"failing":false,"failureDetails":[],"failureMessages":[],"fullName":"StyleEngine setActiveStyle() should set active style to baroque","invocations":1,"location":null,"numPassingAsserts":1,"retryReasons":[],"startAt":1782014896663,"status":"passed","title":"should set active style to baroque"},{"ancestorTitles":["StyleEngine","setActiveStyle()"],"duration":0,"failing":false,"failureDetails":[],"failureMessages":[],"fullName":"StyleEngine setActiveStyle() should set active style to jazz","invocations":1,"location":null,"numPassingAsserts":1,"retryReasons":[],"startAt":1782014896664,"status":"passed","title":"should set active style to jazz"},{"ancestorTitles":["StyleEngine","setActiveStyle()"],"duration":0,"failing":false,"failureDetails":[],"failureMessages":[],"fullName":"StyleEngine setActiveStyle() should set active style to pop","invocations":1,"location":null,"numPassingAsserts":1,"retryReasons":[],"startAt":1782014896664,"status":"passed","title":"should set active style to pop"},{"ancestorTitles":["StyleEngine","setActiveStyle()"],"duration":0,"failing":false,"failureDetails":[],"failureMessages":[],"fullName":"StyleEngine setActiveStyle() should throw error for unknown style","invocations":1,"location":null,"numPassingAsserts":1,"retryReasons":[],"startAt":1782014896664,"status":"passed","title":"should throw error for unknown style"},{"ancestorTitles":["StyleEngine","getActiveStyle()"],"duration":1,"failing":false,"failureDetails":[],"failureMessages":[],"fullName":"StyleEngine getActiveStyle() should return the active style profile","invocations":1,"location":null,"numPassingAsserts":2,"retryReasons":[],"startAt":1782014896664,"status":"passed","title":"should return the active style profile"},{"ancestorTitles":["StyleEngine","getActiveStyle()"],"duration":0,"failing":false,"failureDetails":[],"failureMessages":[],"fullName":"StyleEngine getActiveStyle() should return style with correct properties","invocations":1,"location":null,"numPassingAsserts":2,"retryReasons":[],"startAt":1782014896665,"status":"passed","title":"should return style with correct properties"},{"ancestorTitles":["StyleEngine","getAllStyles()"],"duration":0,"failing":false,"failureDetails":[],"failureMessages":[],"fullName":"StyleEngine getAllStyles() should return all style profiles","invocations":1,"location":null,"numPassingAsserts":5,"retryReasons":[],"startAt":1782014896665,"status":"passed","title":"should return all style profiles"},{"ancestorTitles":["StyleEngine","style rules application"],"duration":1,"failing":false,"failureDetails":[],"failureMessages":[],"fullName":"StyleEngine style rules application should respect maxInterval constraint for baroque style","invocations":1,"location":null,"numPassingAsserts":2,"retryReasons":[],"startAt":1782014896665,"status":"passed","title":"should respect maxInterval constraint for baroque style"},{"ancestorTitles":["StyleEngine","style rules application"],"duration":0,"failing":false,"failureDetails":[],"failureMessages":[],"fullName":"StyleEngine style rules application should respect maxInterval constraint for jazz style","invocations":1,"location":null,"numPassingAsserts":1,"retryReasons":[],"startAt":1782014896666,"status":"passed","title":"should respect maxInterval constraint for jazz style"}],"endTime":1782014896667,"message":"","name":"/Users/sheldonlawrence/Desktop/progress/mgen/tests/styleEngine.test.js","startTime":1782014896498,"status":"passed","summary":""},{"assertionResults":[{"ancestorTitles":["ExpectationRefiner (Pass E)","execute()"],"duration":2,"failing":false,"failureDetails":[],"failureMessages":[],"fullName":"ExpectationRefiner (Pass E) execute() should refine melody based on call-and-response patterns","invocations":1,"location":null,"numPassingAsserts":2,"retryReasons":[],"startAt":1782014896665,"status":"passed","title":"should refine melody based on call-and-response patterns"},{"ancestorTitles":["ExpectationRefiner (Pass E)","execute()"],"duration":0,"failing":false,"failureDetails":[],"failureMessages":[],"fullName":"ExpectationRefiner (Pass E) execute() should analyze call-and-response pairs","invocations":1,"location":null,"numPassingAsserts":2,"retryReasons":[],"startAt":1782014896667,"status":"passed","title":"should analyze call-and-response pairs"},{"ancestorTitles":["ExpectationRefiner (Pass E)","execute()"],"duration":1,"failing":false,"failureDetails":[],"failureMessages":[],"fullName":"ExpectationRefiner (Pass E) execute() should refine notes with large pitch intervals","invocations":1,"location":null,"numPassingAsserts":2,"retryReasons":[],"startAt":1782014896667,"status":"passed","title":"should refine notes with large pitch intervals"},{"ancestorTitles":["ExpectationRefiner (Pass E)","execute()"],"duration":0,"failing":false,"failureDetails":[],"failureMessages":[],"fullName":"ExpectationRefiner (Pass E) execute() should return proper PassResult with evaluation metrics","invocations":1,"location":null,"numPassingAsserts":3,"retryReasons":[],"startAt":1782014896668,"status":"passed","title":"should return proper PassResult with evaluation metrics"},{"ancestorTitles":["ExpectationRefiner (Pass E)","execute()"],"duration":0,"failing":false,"failureDetails":[],"failureMessages":[],"fullName":"ExpectationRefiner (Pass E) execute() should handle empty previous notes","invocations":1,"location":null,"numPassingAsserts":2,"retryReasons":[],"startAt":1782014896668,"status":"passed","title":"should handle empty previous notes"},{"ancestorTitles":["ExpectationRefiner (Pass E)","execute()"],"duration":0,"failing":false,"failureDetails":[],"failureMessages":[],"fullName":"ExpectationRefiner (Pass E) execute() should handle single note (no call-response possible)","invocations":1,"location":null,"numPassingAsserts":2,"retryReasons":[],"startAt":1782014896669,"status":"passed","title":"should handle single note (no call-response possible)"},{"ancestorTitles":["ExpectationRefiner (Pass E)","_analyzeCallAndResponse()"],"duration":0,"failing":false,"failureDetails":[],"failureMessages":[],"fullName":"ExpectationRefiner (Pass E) _analyzeCallAndResponse() should identify call-response pairs in melody","invocations":1,"location":null,"numPassingAsserts":2,"retryReasons":[],"startAt":1782014896669,"status":"passed","title":"should identify call-response pairs in melody"},{"ancestorTitles":["ExpectationRefiner (Pass E)","_analyzeCallAndResponse()"],"duration":1,"failing":false,"failureDetails":[],"failureMessages":[],"fullName":"ExpectationRefiner (Pass E) _analyzeCallAndResponse() should respect window size constraint","invocations":1,"location":null,"numPassingAsserts":1,"retryReasons":[],"startAt":1782014896669,"status":"passed","title":"should respect window size constraint"},{"ancestorTitles":["ExpectationRefiner (Pass E)","pitchDiversity scoring"],"duration":1,"failing":false,"failureDetails":[],"failureMessages":[],"fullName":"ExpectationRefiner (Pass E) pitchDiversity scoring should include pitchDiversityScore in metrics","invocations":1,"location":null,"numPassingAsserts":4,"retryReasons":[],"startAt":1782014896670,"status":"passed","title":"should include pitchDiversityScore in metrics"},{"ancestorTitles":["ExpectationRefiner (Pass E)","pitchDiversity scoring"],"duration":1,"failing":false,"failureDetails":[],"failureMessages":[],"fullName":"ExpectationRefiner (Pass E) pitchDiversity scoring should flag melodies where any pitch exceeds 30% of structural notes","invocations":1,"location":null,"numPassingAsserts":2,"retryReasons":[],"startAt":1782014896671,"status":"passed","title":"should flag melodies where any pitch exceeds 30% of structural notes"}],"endTime":1782014896675,"message":"","name":"/Users/sheldonlawrence/Desktop/progress/mgen/tests/passE_expectation.test.js","startTime":1782014896500,"status":"passed","summary":""},{"assertionResults":[{"ancestorTitles":["VoiceLeadingEngine","classifyInterval"],"duration":2,"failing":false,"failureDetails":[],"failureMessages":[],"fullName":"VoiceLeadingEngine classifyInterval should classify steps (< 1.5 semitones)","invocations":1,"location":null,"numPassingAsserts":2,"retryReasons":[],"startAt":1782014896655,"status":"passed","title":"should classify steps (< 1.5 semitones)"},{"ancestorTitles":["VoiceLeadingEngine","classifyInterval"],"duration":0,"failing":false,"failureDetails":[],"failureMessages":[],"fullName":"VoiceLeadingEngine classifyInterval should classify skips (1.5-3.5 semitones)","invocations":1,"location":null,"numPassingAsserts":2,"retryReasons":[],"startAt":1782014896657,"status":"passed","title":"should classify skips (1.5-3.5 semitones)"},{"ancestorTitles":["VoiceLeadingEngine","classifyInterval"],"duration":0,"failing":false,"failureDetails":[],"failureMessages":[],"fullName":"VoiceLeadingEngine classifyInterval should classify leaps (> 3.5 semitones)","invocations":1,"location":null,"numPassingAsserts":2,"retryReasons":[],"startAt":1782014896657,"status":"passed","title":"should classify leaps (> 3.5 semitones)"},{"ancestorTitles":["VoiceLeadingEngine","classifyInterval"],"duration":0,"failing":false,"failureDetails":[],"failureMessages":[],"fullName":"VoiceLeadingEngine classifyInterval should handle downward intervals","invocations":1,"location":null,"numPassingAsserts":1,"retryReasons":[],"startAt":1782014896658,"status":"passed","title":"should handle downward intervals"},{"ancestorTitles":["VoiceLeadingEngine","classifyInterval"],"duration":0,"failing":false,"failureDetails":[],"failureMessages":[],"fullName":"VoiceLeadingEngine classifyInterval should handle same pitch","invocations":1,"location":null,"numPassingAsserts":2,"retryReasons":[],"startAt":1782014896658,"status":"passed","title":"should handle same pitch"},{"ancestorTitles":["VoiceLeadingEngine","classifyInterval"],"duration":0,"failing":false,"failureDetails":[],"failureMessages":[],"fullName":"VoiceLeadingEngine classifyInterval should handle microtonal divisions","invocations":1,"location":null,"numPassingAsserts":1,"retryReasons":[],"startAt":1782014896658,"status":"passed","title":"should handle microtonal divisions"},{"ancestorTitles":["VoiceLeadingEngine","classifyInterval"],"duration":0,"failing":false,"failureDetails":[],"failureMessages":[],"fullName":"VoiceLeadingEngine classifyInterval should return semitones (signed)","invocations":1,"location":null,"numPassingAsserts":1,"retryReasons":[],"startAt":1782014896658,"status":"passed","title":"should return semitones (signed)"},{"ancestorTitles":["VoiceLeadingEngine","getVoiceLeadingBias"],"duration":1,"failing":false,"failureDetails":[],"failureMessages":[],"fullName":"VoiceLeadingEngine getVoiceLeadingBias should return 0 for null interval","invocations":1,"location":null,"numPassingAsserts":1,"retryReasons":[],"startAt":1782014896658,"status":"passed","title":"should return 0 for null interval"},{"ancestorTitles":["VoiceLeadingEngine","getVoiceLeadingBias"],"duration":1,"failing":false,"failureDetails":[],"failureMessages":[],"fullName":"VoiceLeadingEngine getVoiceLeadingBias should return -0.75 for leap up","invocations":1,"location":null,"numPassingAsserts":1,"retryReasons":[],"startAt":1782014896659,"status":"passed","title":"should return -0.75 for leap up"},{"ancestorTitles":["VoiceLeadingEngine","getVoiceLeadingBias"],"duration":0,"failing":false,"failureDetails":[],"failureMessages":[],"fullName":"VoiceLeadingEngine getVoiceLeadingBias should return 0.75 for leap down","invocations":1,"location":null,"numPassingAsserts":1,"retryReasons":[],"startAt":1782014896660,"status":"passed","title":"should return 0.75 for leap down"},{"ancestorTitles":["VoiceLeadingEngine","getVoiceLeadingBias"],"duration":1,"failing":false,"failureDetails":[],"failureMessages":[],"fullName":"VoiceLeadingEngine getVoiceLeadingBias should return 0 for step same (no directional bias)","invocations":1,"location":null,"numPassingAsserts":1,"retryReasons":[],"startAt":1782014896660,"status":"passed","title":"should return 0 for step same (no directional bias)"},{"ancestorTitles":["VoiceLeadingEngine","getVoiceLeadingBias"],"duration":0,"failing":false,"failureDetails":[],"failureMessages":[],"fullName":"VoiceLeadingEngine getVoiceLeadingBias should return -0.60 for skip up","invocations":1,"location":null,"numPassingAsserts":1,"retryReasons":[],"startAt":1782014896661,"status":"passed","title":"should return -0.60 for skip up"},{"ancestorTitles":["VoiceLeadingEngine","getVoiceLeadingBias"],"duration":0,"failing":false,"failureDetails":[],"failureMessages":[],"fullName":"VoiceLeadingEngine getVoiceLeadingBias should return 0.60 for skip down","invocations":1,"location":null,"numPassingAsserts":1,"retryReasons":[],"startAt":1782014896661,"status":"passed","title":"should return 0.60 for skip down"},{"ancestorTitles":["VoiceLeadingEngine","getVoiceLeadingBias"],"duration":0,"failing":false,"failureDetails":[],"failureMessages":[],"fullName":"VoiceLeadingEngine getVoiceLeadingBias should relax rules at climax","invocations":1,"location":null,"numPassingAsserts":1,"retryReasons":[],"startAt":1782014896661,"status":"passed","title":"should relax rules at climax"},{"ancestorTitles":["VoiceLeadingEngine","getVoiceLeadingBias"],"duration":0,"failing":false,"failureDetails":[],"failureMessages":[],"fullName":"VoiceLeadingEngine getVoiceLeadingBias should relax rules at climax for downward leap","invocations":1,"location":null,"numPassingAsserts":1,"retryReasons":[],"startAt":1782014896661,"status":"passed","title":"should relax rules at climax for downward leap"},{"ancestorTitles":["VoiceLeadingEngine","TRAJECTORY_RULES"],"duration":1,"failing":false,"failureDetails":[],"failureMessages":[],"fullName":"VoiceLeadingEngine TRAJECTORY_RULES should have leap:up rule","invocations":1,"location":null,"numPassingAsserts":1,"retryReasons":[],"startAt":1782014896661,"status":"passed","title":"should have leap:up rule"},{"ancestorTitles":["VoiceLeadingEngine","TRAJECTORY_RULES"],"duration":0,"failing":false,"failureDetails":[],"failureMessages":[],"fullName":"VoiceLeadingEngine TRAJECTORY_RULES should have leap:down rule","invocations":1,"location":null,"numPassingAsserts":1,"retryReasons":[],"startAt":1782014896662,"status":"passed","title":"should have leap:down rule"},{"ancestorTitles":["VoiceLeadingEngine","TRAJECTORY_RULES"],"duration":0,"failing":false,"failureDetails":[],"failureMessages":[],"fullName":"VoiceLeadingEngine TRAJECTORY_RULES should have step:same rule","invocations":1,"location":null,"numPassingAsserts":1,"retryReasons":[],"startAt":1782014896662,"status":"passed","title":"should have step:same rule"},{"ancestorTitles":["VoiceLeadingEngine","TRAJECTORY_RULES"],"duration":0,"failing":false,"failureDetails":[],"failureMessages":[],"fullName":"VoiceLeadingEngine TRAJECTORY_RULES should have skip:up rule","invocations":1,"location":null,"numPassingAsserts":1,"retryReasons":[],"startAt":1782014896662,"status":"passed","title":"should have skip:up rule"},{"ancestorTitles":["VoiceLeadingEngine","TRAJECTORY_RULES"],"duration":0,"failing":false,"failureDetails":[],"failureMessages":[],"fullName":"VoiceLeadingEngine TRAJECTORY_RULES should have skip:down rule","invocations":1,"location":null,"numPassingAsserts":1,"retryReasons":[],"startAt":1782014896662,"status":"passed","title":"should have skip:down rule"},{"ancestorTitles":["VoiceLeadingEngine","execute()"],"duration":1,"failing":false,"failureDetails":[],"failureMessages":[],"fullName":"VoiceLeadingEngine execute() should handle empty previous notes","invocations":1,"location":null,"numPassingAsserts":2,"retryReasons":[],"startAt":1782014896662,"status":"passed","title":"should handle empty previous notes"},{"ancestorTitles":["VoiceLeadingEngine","execute()"],"duration":0,"failing":false,"failureDetails":[],"failureMessages":[],"fullName":"VoiceLeadingEngine execute() should return all notes (not just changed ones)","invocations":1,"location":null,"numPassingAsserts":1,"retryReasons":[],"startAt":1782014896663,"status":"passed","title":"should return all notes (not just changed ones)"},{"ancestorTitles":["VoiceLeadingEngine","execute()"],"duration":0,"failing":false,"failureDetails":[],"failureMessages":[],"fullName":"VoiceLeadingEngine execute() should mark adjusted notes with metadata","invocations":1,"location":null,"numPassingAsserts":1,"retryReasons":[],"startAt":1782014896663,"status":"passed","title":"should mark adjusted notes with metadata"},{"ancestorTitles":["VoiceLeadingEngine","execute()"],"duration":1,"failing":false,"failureDetails":[],"failureMessages":[],"fullName":"VoiceLeadingEngine execute() should return proper PassResult with evaluation metrics","invocations":1,"location":null,"numPassingAsserts":3,"retryReasons":[],"startAt":1782014896663,"status":"passed","title":"should return proper PassResult with evaluation metrics"},{"ancestorTitles":["VoiceLeadingEngine","execute()"],"duration":0,"failing":false,"failureDetails":[],"failureMessages":[],"fullName":"VoiceLeadingEngine execute() should detect and compensate large leaps","invocations":1,"location":null,"numPassingAsserts":1,"retryReasons":[],"startAt":1782014896664,"status":"passed","title":"should detect and compensate large leaps"},{"ancestorTitles":["VoiceLeadingEngine","execute()"],"duration":0,"failing":false,"failureDetails":[],"failureMessages":[],"fullName":"VoiceLeadingEngine execute() should detect momentum turns (4 same-direction steps)","invocations":1,"location":null,"numPassingAsserts":1,"retryReasons":[],"startAt":1782014896664,"status":"passed","title":"should detect momentum turns (4 same-direction steps)"},{"ancestorTitles":["VoiceLeadingEngine","execute()"],"duration":0,"failing":false,"failureDetails":[],"failureMessages":[],"fullName":"VoiceLeadingEngine execute() should handle stepwise motion without adjustments","invocations":1,"location":null,"numPassingAsserts":1,"retryReasons":[],"startAt":1782014896664,"status":"passed","title":"should handle stepwise motion without adjustments"},{"ancestorTitles":["VoiceLeadingEngine","getIntervalHistory()"],"duration":1,"failing":false,"failureDetails":[],"failureMessages":[],"fullName":"VoiceLeadingEngine getIntervalHistory() should return interval history entries","invocations":1,"location":null,"numPassingAsserts":2,"retryReasons":[],"startAt":1782014896664,"status":"passed","title":"should return interval history entries"},{"ancestorTitles":["VoiceLeadingEngine","reset()"],"duration":0,"failing":false,"failureDetails":[],"failureMessages":[],"fullName":"VoiceLeadingEngine reset() should clear interval history","invocations":1,"location":null,"numPassingAsserts":1,"retryReasons":[],"startAt":1782014896665,"status":"passed","title":"should clear interval history"},{"ancestorTitles":["VoiceLeadingEngine","constructor options"],"duration":7,"failing":false,"failureDetails":[],"failureMessages":[],"fullName":"VoiceLeadingEngine constructor options should respect custom leapThreshold","invocations":1,"location":null,"numPassingAsserts":1,"retryReasons":[],"startAt":1782014896665,"status":"passed","title":"should respect custom leapThreshold"},{"ancestorTitles":["VoiceLeadingEngine","constructor options"],"duration":0,"failing":false,"failureDetails":[],"failureMessages":[],"fullName":"VoiceLeadingEngine constructor options should respect custom momentumWindow","invocations":1,"location":null,"numPassingAsserts":1,"retryReasons":[],"startAt":1782014896672,"status":"passed","title":"should respect custom momentumWindow"},{"ancestorTitles":["VoiceLeadingEngine","constructor options"],"duration":0,"failing":false,"failureDetails":[],"failureMessages":[],"fullName":"VoiceLeadingEngine constructor options should respect custom compensateLeaps","invocations":1,"location":null,"numPassingAsserts":1,"retryReasons":[],"startAt":1782014896672,"status":"passed","title":"should respect custom compensateLeaps"}],"endTime":1782014896676,"message":"","name":"/Users/sheldonlawrence/Desktop/progress/mgen/tests/voiceLeadingEngine.test.js","startTime":1782014896500,"status":"passed","summary":""},{"assertionResults":[{"ancestorTitles":["ConnectorPlanner (Pass C)","execute()"],"duration":7,"failing":false,"failureDetails":[],"failureMessages":[],"fullName":"ConnectorPlanner (Pass C) execute() should generate connector notes between structural points","invocations":1,"location":null,"numPassingAsserts":2,"retryReasons":[],"startAt":1782014896663,"status":"passed","title":"should generate connector notes between structural points"},{"ancestorTitles":["ConnectorPlanner (Pass C)","execute()"],"duration":0,"failing":false,"failureDetails":[],"failureMessages":[],"fullName":"ConnectorPlanner (Pass C) execute() should generate stepwise motion primarily","invocations":1,"location":null,"numPassingAsserts":1,"retryReasons":[],"startAt":1782014896670,"status":"passed","title":"should generate stepwise motion primarily"},{"ancestorTitles":["ConnectorPlanner (Pass C)","execute()"],"duration":1,"failing":false,"failureDetails":[],"failureMessages":[],"fullName":"ConnectorPlanner (Pass C) execute() should respect timing between structural notes","invocations":1,"location":null,"numPassingAsserts":4,"retryReasons":[],"startAt":1782014896670,"status":"passed","title":"should respect timing between structural notes"},{"ancestorTitles":["ConnectorPlanner (Pass C)","execute()"],"duration":0,"failing":false,"failureDetails":[],"failureMessages":[],"fullName":"ConnectorPlanner (Pass C) execute() should return proper PassResult with evaluation metrics","invocations":1,"location":null,"numPassingAsserts":3,"retryReasons":[],"startAt":1782014896671,"status":"passed","title":"should return proper PassResult with evaluation metrics"},{"ancestorTitles":["ConnectorPlanner (Pass C)","execute()"],"duration":0,"failing":false,"failureDetails":[],"failureMessages":[],"fullName":"ConnectorPlanner (Pass C) execute() should handle single structural note (no connectors needed)","invocations":1,"location":null,"numPassingAsserts":2,"retryReasons":[],"startAt":1782014896671,"status":"passed","title":"should handle single structural note (no connectors needed)"},{"ancestorTitles":["ConnectorPlanner (Pass C)","execute()"],"duration":0,"failing":false,"failureDetails":[],"failureMessages":[],"fullName":"ConnectorPlanner (Pass C) execute() should handle empty previous notes","invocations":1,"location":null,"numPassingAsserts":2,"retryReasons":[],"startAt":1782014896672,"status":"passed","title":"should handle empty previous notes"},{"ancestorTitles":["ConnectorPlanner (Pass C)","_selectMotionType()"],"duration":0,"failing":false,"failureDetails":[],"failureMessages":[],"fullName":"ConnectorPlanner (Pass C) _selectMotionType() should return step, skip, or leap","invocations":1,"location":null,"numPassingAsserts":1,"retryReasons":[],"startAt":1782014896672,"status":"passed","title":"should return step, skip, or leap"},{"ancestorTitles":["ConnectorPlanner (Pass C)","pitchDiversity - same-pitch handling"],"duration":0,"failing":false,"failureDetails":[],"failureMessages":[],"fullName":"ConnectorPlanner (Pass C) pitchDiversity - same-pitch handling should not generate connectors for same-pitch gaps","invocations":1,"location":null,"numPassingAsserts":1,"retryReasons":[],"startAt":1782014896672,"status":"passed","title":"should not generate connectors for same-pitch gaps"},{"ancestorTitles":["ConnectorPlanner (Pass C)","pitchDiversity - same-pitch handling"],"duration":0,"failing":false,"failureDetails":[],"failureMessages":[],"fullName":"ConnectorPlanner (Pass C) pitchDiversity - same-pitch handling should limit connectors for small distances (<=1 semitone) to max 2","invocations":1,"location":null,"numPassingAsserts":1,"retryReasons":[],"startAt":1782014896673,"status":"passed","title":"should limit connectors for small distances (<=1 semitone) to max 2"}],"endTime":1782014896678,"message":"","name":"/Users/sheldonlawrence/Desktop/progress/mgen/tests/passC_connector.test.js","startTime":1782014896504,"status":"passed","summary":""},{"assertionResults":[{"ancestorTitles":["PhraseEngine (rewritten)","constructor"],"duration":2,"failing":false,"failureDetails":[],"failureMessages":[],"fullName":"PhraseEngine (rewritten) constructor should have default options","invocations":1,"location":null,"numPassingAsserts":5,"retryReasons":[],"startAt":1782014896656,"status":"passed","title":"should have default options"},{"ancestorTitles":["PhraseEngine (rewritten)","constructor"],"duration":0,"failing":false,"failureDetails":[],"failureMessages":[],"fullName":"PhraseEngine (rewritten) constructor should respect custom options","invocations":1,"location":null,"numPassingAsserts":5,"retryReasons":[],"startAt":1782014896659,"status":"passed","title":"should respect custom options"},{"ancestorTitles":["PhraseEngine (rewritten)","constructor"],"duration":1,"failing":false,"failureDetails":[],"failureMessages":[],"fullName":"PhraseEngine (rewritten) constructor should export CLIMAX_ARCHETYPES","invocations":1,"location":null,"numPassingAsserts":2,"retryReasons":[],"startAt":1782014896659,"status":"passed","title":"should export CLIMAX_ARCHETYPES"},{"ancestorTitles":["PhraseEngine (rewritten)","constructor"],"duration":0,"failing":false,"failureDetails":[],"failureMessages":[],"fullName":"PhraseEngine (rewritten) constructor should export TENSION_TO_ARCHETYPE mapping","invocations":1,"location":null,"numPassingAsserts":5,"retryReasons":[],"startAt":1782014896660,"status":"passed","title":"should export TENSION_TO_ARCHETYPE mapping"},{"ancestorTitles":["PhraseEngine (rewritten)","constructor"],"duration":0,"failing":false,"failureDetails":[],"failureMessages":[],"fullName":"PhraseEngine (rewritten) constructor should export PHRASE_GRAMMAR","invocations":1,"location":null,"numPassingAsserts":4,"retryReasons":[],"startAt":1782014896660,"status":"passed","title":"should export PHRASE_GRAMMAR"},{"ancestorTitles":["PhraseEngine (rewritten)","execute() — basic"],"duration":1,"failing":false,"failureDetails":[],"failureMessages":[],"fullName":"PhraseEngine (rewritten) execute() — basic should group notes into phrases","invocations":1,"location":null,"numPassingAsserts":3,"retryReasons":[],"startAt":1782014896660,"status":"passed","title":"should group notes into phrases"},{"ancestorTitles":["PhraseEngine (rewritten)","execute() — basic"],"duration":1,"failing":false,"failureDetails":[],"failureMessages":[],"fullName":"PhraseEngine (rewritten) execute() — basic should return proper PassResult with evaluation metrics","invocations":1,"location":null,"numPassingAsserts":6,"retryReasons":[],"startAt":1782014896661,"status":"passed","title":"should return proper PassResult with evaluation metrics"},{"ancestorTitles":["PhraseEngine (rewritten)","execute() — basic"],"duration":0,"failing":false,"failureDetails":[],"failureMessages":[],"fullName":"PhraseEngine (rewritten) execute() — basic should handle empty previous notes","invocations":1,"location":null,"numPassingAsserts":4,"retryReasons":[],"startAt":1782014896662,"status":"passed","title":"should handle empty previous notes"},{"ancestorTitles":["PhraseEngine (rewritten)","execute() — basic"],"duration":0,"failing":false,"failureDetails":[],"failureMessages":[],"fullName":"PhraseEngine (rewritten) execute() — basic should assign phrase metadata to notes","invocations":1,"location":null,"numPassingAsserts":3,"retryReasons":[],"startAt":1782014896662,"status":"passed","title":"should assign phrase metadata to notes"},{"ancestorTitles":["PhraseEngine (rewritten)","phrase metadata"],"duration":2,"failing":false,"failureDetails":[],"failureMessages":[],"fullName":"PhraseEngine (rewritten) phrase metadata should include phraseId in note metadata","invocations":1,"location":null,"numPassingAsserts":2,"retryReasons":[],"startAt":1782014896662,"status":"passed","title":"should include phraseId in note metadata"},{"ancestorTitles":["PhraseEngine (rewritten)","phrase metadata"],"duration":1,"failing":false,"failureDetails":[],"failureMessages":[],"fullName":"PhraseEngine (rewritten) phrase metadata should include phraseRole in note metadata","invocations":1,"location":null,"numPassingAsserts":2,"retryReasons":[],"startAt":1782014896664,"status":"passed","title":"should include phraseRole in note metadata"},{"ancestorTitles":["PhraseEngine (rewritten)","phrase metadata"],"duration":1,"failing":false,"failureDetails":[],"failureMessages":[],"fullName":"PhraseEngine (rewritten) phrase metadata should include phraseTension in note metadata","invocations":1,"location":null,"numPassingAsserts":3,"retryReasons":[],"startAt":1782014896665,"status":"passed","title":"should include phraseTension in note metadata"},{"ancestorTitles":["PhraseEngine (rewritten)","phrase metadata"],"duration":0,"failing":false,"failureDetails":[],"failureMessages":[],"fullName":"PhraseEngine (rewritten) phrase metadata should include isAntecedent in note metadata","invocations":1,"location":null,"numPassingAsserts":2,"retryReasons":[],"startAt":1782014896666,"status":"passed","title":"should include isAntecedent in note metadata"},{"ancestorTitles":["PhraseEngine (rewritten)","getPhrases()"],"duration":1,"failing":false,"failureDetails":[],"failureMessages":[],"fullName":"PhraseEngine (rewritten) getPhrases() should return extracted phrases","invocations":1,"location":null,"numPassingAsserts":2,"retryReasons":[],"startAt":1782014896666,"status":"passed","title":"should return extracted phrases"},{"ancestorTitles":["PhraseEngine (rewritten)","getPhrases()"],"duration":0,"failing":false,"failureDetails":[],"failureMessages":[],"fullName":"PhraseEngine (rewritten) getPhrases() should return empty array for empty input","invocations":1,"location":null,"numPassingAsserts":2,"retryReasons":[],"startAt":1782014896667,"status":"passed","title":"should return empty array for empty input"},{"ancestorTitles":["PhraseEngine (rewritten)","getPhrases()"],"duration":5,"failing":false,"failureDetails":[],"failureMessages":[],"fullName":"PhraseEngine (rewritten) getPhrases() should return phrases by role","invocations":1,"location":null,"numPassingAsserts":2,"retryReasons":[],"startAt":1782014896667,"status":"passed","title":"should return phrases by role"},{"ancestorTitles":["PhraseEngine (rewritten)","getPhrases()"],"duration":1,"failing":false,"failureDetails":[],"failureMessages":[],"fullName":"PhraseEngine (rewritten) getPhrases() should return empty array for non-existent role","invocations":1,"location":null,"numPassingAsserts":2,"retryReasons":[],"startAt":1782014896672,"status":"passed","title":"should return empty array for non-existent role"},{"ancestorTitles":["PhraseEngine (rewritten)","getPhrases()"],"duration":2,"failing":false,"failureDetails":[],"failureMessages":[],"fullName":"PhraseEngine (rewritten) getPhrases() should return phrase by index","invocations":1,"location":null,"numPassingAsserts":2,"retryReasons":[],"startAt":1782014896673,"status":"passed","title":"should return phrase by index"},{"ancestorTitles":["PhraseEngine (rewritten)","getPhrases()"],"duration":0,"failing":false,"failureDetails":[],"failureMessages":[],"fullName":"PhraseEngine (rewritten) getPhrases() should return null for out-of-range index","invocations":1,"location":null,"numPassingAsserts":1,"retryReasons":[],"startAt":1782014896675,"status":"passed","title":"should return null for out-of-range index"},{"ancestorTitles":["PhraseEngine (rewritten)","getArc() and getGrammar()"],"duration":0,"failing":false,"failureDetails":[],"failureMessages":[],"fullName":"PhraseEngine (rewritten) getArc() and getGrammar() should return computed arc","invocations":1,"location":null,"numPassingAsserts":5,"retryReasons":[],"startAt":1782014896675,"status":"passed","title":"should return computed arc"},{"ancestorTitles":["PhraseEngine (rewritten)","getArc() and getGrammar()"],"duration":1,"failing":false,"failureDetails":[],"failureMessages":[],"fullName":"PhraseEngine (rewritten) getArc() and getGrammar() should return selected grammar","invocations":1,"location":null,"numPassingAsserts":2,"retryReasons":[],"startAt":1782014896675,"status":"passed","title":"should return selected grammar"},{"ancestorTitles":["PhraseEngine (rewritten)","phrase grouping"],"duration":0,"failing":false,"failureDetails":[],"failureMessages":[],"fullName":"PhraseEngine (rewritten) phrase grouping should create multiple phrases from many notes","invocations":1,"location":null,"numPassingAsserts":1,"retryReasons":[],"startAt":1782014896676,"status":"passed","title":"should create multiple phrases from many notes"},{"ancestorTitles":["PhraseEngine (rewritten)","phrase grouping"],"duration":0,"failing":false,"failureDetails":[],"failureMessages":[],"fullName":"PhraseEngine (rewritten) phrase grouping should respect notesPerPhrase limit","invocations":1,"location":null,"numPassingAsserts":1,"retryReasons":[],"startAt":1782014896676,"status":"passed","title":"should respect notesPerPhrase limit"},{"ancestorTitles":["PhraseEngine (rewritten)","phrase grouping"],"duration":1,"failing":false,"failureDetails":[],"failureMessages":[],"fullName":"PhraseEngine (rewritten) phrase grouping should respect maxPhraseDuration limit","invocations":1,"location":null,"numPassingAsserts":1,"retryReasons":[],"startAt":1782014896676,"status":"passed","title":"should respect maxPhraseDuration limit"},{"ancestorTitles":["PhraseEngine (rewritten)","phrase grouping"],"duration":0,"failing":false,"failureDetails":[],"failureMessages":[],"fullName":"PhraseEngine (rewritten) phrase grouping should handle large gaps between notes by starting new phrases","invocations":1,"location":null,"numPassingAsserts":1,"retryReasons":[],"startAt":1782014896677,"status":"passed","title":"should handle large gaps between notes by starting new phrases"},{"ancestorTitles":["PhraseEngine (rewritten)","phrase coherence score"],"duration":0,"failing":false,"failureDetails":[],"failureMessages":[],"fullName":"PhraseEngine (rewritten) phrase coherence score should return 0.5 for empty phrases","invocations":1,"location":null,"numPassingAsserts":1,"retryReasons":[],"startAt":1782014896677,"status":"passed","title":"should return 0.5 for empty phrases"},{"ancestorTitles":["PhraseEngine (rewritten)","phrase coherence score"],"duration":0,"failing":false,"failureDetails":[],"failureMessages":[],"fullName":"PhraseEngine (rewritten) phrase coherence score should return valid score for single phrase","invocations":1,"location":null,"numPassingAsserts":2,"retryReasons":[],"startAt":1782014896677,"status":"passed","title":"should return valid score for single phrase"},{"ancestorTitles":["PhraseEngine (rewritten)","phrase coherence score"],"duration":0,"failing":false,"failureDetails":[],"failureMessages":[],"fullName":"PhraseEngine (rewritten) phrase coherence score should penalize phrases with too few notes","invocations":1,"location":null,"numPassingAsserts":1,"retryReasons":[],"startAt":1782014896677,"status":"passed","title":"should penalize phrases with too few notes"},{"ancestorTitles":["PhraseEngine (rewritten)","antecedent-consequent pattern"],"duration":1,"failing":false,"failureDetails":[],"failureMessages":[],"fullName":"PhraseEngine (rewritten) antecedent-consequent pattern should create consequent phrases when enabled","invocations":1,"location":null,"numPassingAsserts":1,"retryReasons":[],"startAt":1782014896677,"status":"passed","title":"should create consequent phrases when enabled"},{"ancestorTitles":["PhraseEngine (rewritten)","antecedent-consequent pattern"],"duration":0,"failing":false,"failureDetails":[],"failureMessages":[],"fullName":"PhraseEngine (rewritten) antecedent-consequent pattern should not create consequent phrases when disabled","invocations":1,"location":null,"numPassingAsserts":1,"retryReasons":[],"startAt":1782014896678,"status":"passed","title":"should not create consequent phrases when disabled"},{"ancestorTitles":["PhraseEngine (rewritten)","antecedent-consequent pattern"],"duration":7,"failing":false,"failureDetails":[],"failureMessages":[],"fullName":"PhraseEngine (rewritten) antecedent-consequent pattern should mark consequent notes with isConsequent flag","invocations":1,"location":null,"numPassingAsserts":1,"retryReasons":[],"startAt":1782014896678,"status":"passed","title":"should mark consequent notes with isConsequent flag"},{"ancestorTitles":["PhraseEngine (rewritten)","antecedent-consequent pattern"],"duration":1,"failing":false,"failureDetails":[],"failureMessages":[],"fullName":"PhraseEngine (rewritten) antecedent-consequent pattern should mark consequent notes with transformType","invocations":1,"location":null,"numPassingAsserts":9,"retryReasons":[],"startAt":1782014896685,"status":"passed","title":"should mark consequent notes with transformType"},{"ancestorTitles":["PhraseEngine (rewritten)","register envelope constraints"],"duration":0,"failing":false,"failureDetails":[],"failureMessages":[],"fullName":"PhraseEngine (rewritten) register envelope constraints should adjust notes outside register envelope","invocations":1,"location":null,"numPassingAsserts":1,"retryReasons":[],"startAt":1782014896686,"status":"passed","title":"should adjust notes outside register envelope"},{"ancestorTitles":["PhraseEngine (rewritten)","arc computation"],"duration":0,"failing":false,"failureDetails":[],"failureMessages":[],"fullName":"PhraseEngine (rewritten) arc computation should compute climax slot based on archetype","invocations":1,"location":null,"numPassingAsserts":3,"retryReasons":[],"startAt":1782014896686,"status":"passed","title":"should compute climax slot based on archetype"},{"ancestorTitles":["PhraseEngine (rewritten)","arc computation"],"duration":0,"failing":false,"failureDetails":[],"failureMessages":[],"fullName":"PhraseEngine (rewritten) arc computation should compute different climax positions for different archetypes","invocations":1,"location":null,"numPassingAsserts":1,"retryReasons":[],"startAt":1782014896686,"status":"passed","title":"should compute different climax positions for different archetypes"},{"ancestorTitles":["PhraseEngine (rewritten)","arc computation"],"duration":1,"failing":false,"failureDetails":[],"failureMessages":[],"fullName":"PhraseEngine (rewritten) arc computation should compute register curve","invocations":1,"location":null,"numPassingAsserts":34,"retryReasons":[],"startAt":1782014896686,"status":"passed","title":"should compute register curve"},{"ancestorTitles":["PhraseEngine (rewritten)","arc computation"],"duration":1,"failing":false,"failureDetails":[],"failureMessages":[],"fullName":"PhraseEngine (rewritten) arc computation should compute tension curve","invocations":1,"location":null,"numPassingAsserts":34,"retryReasons":[],"startAt":1782014896687,"status":"passed","title":"should compute tension curve"},{"ancestorTitles":["PhraseEngine (rewritten)","phrase roles"],"duration":0,"failing":false,"failureDetails":[],"failureMessages":[],"fullName":"PhraseEngine (rewritten) phrase roles should assign phrase roles in sequence","invocations":1,"location":null,"numPassingAsserts":3,"retryReasons":[],"startAt":1782014896688,"status":"passed","title":"should assign phrase roles in sequence"},{"ancestorTitles":["PhraseEngine (rewritten)","phrase roles"],"duration":1,"failing":false,"failureDetails":[],"failureMessages":[],"fullName":"PhraseEngine (rewritten) phrase roles should include phraseRole in metadata for all notes","invocations":1,"location":null,"numPassingAsserts":16,"retryReasons":[],"startAt":1782014896688,"status":"passed","title":"should include phraseRole in metadata for all notes"}],"endTime":1782014896689,"message":"","name":"/Users/sheldonlawrence/Desktop/progress/mgen/tests/phraseEngine.test.js","startTime":1782014896499,"status":"passed","summary":""},{"assertionResults":[{"ancestorTitles":["MicrotonalEngine","execute()"],"duration":10,"failing":false,"failureDetails":[],"failureMessages":[],"fullName":"MicrotonalEngine execute() should apply 12-TET tuning to notes","invocations":1,"location":null,"numPassingAsserts":3,"retryReasons":[],"startAt":1782014896672,"status":"passed","title":"should apply 12-TET tuning to notes"},{"ancestorTitles":["MicrotonalEngine","execute()"],"duration":1,"failing":false,"failureDetails":[],"failureMessages":[],"fullName":"MicrotonalEngine execute() should return proper PassResult with evaluation metrics","invocations":1,"location":null,"numPassingAsserts":6,"retryReasons":[],"startAt":1782014896682,"status":"passed","title":"should return proper PassResult with evaluation metrics"},{"ancestorTitles":["MicrotonalEngine","execute()"],"duration":0,"failing":false,"failureDetails":[],"failureMessages":[],"fullName":"MicrotonalEngine execute() should handle empty previous notes","invocations":1,"location":null,"numPassingAsserts":2,"retryReasons":[],"startAt":1782014896683,"status":"passed","title":"should handle empty previous notes"},{"ancestorTitles":["MicrotonalEngine","execute()"],"duration":3,"failing":false,"failureDetails":[],"failureMessages":[],"fullName":"MicrotonalEngine execute() should throw error for unknown tuning system","invocations":1,"location":null,"numPassingAsserts":1,"retryReasons":[],"startAt":1782014896683,"status":"passed","title":"should throw error for unknown tuning system"},{"ancestorTitles":["MicrotonalEngine","setActiveTuning()"],"duration":0,"failing":false,"failureDetails":[],"failureMessages":[],"fullName":"MicrotonalEngine setActiveTuning() should set active tuning to quartertone","invocations":1,"location":null,"numPassingAsserts":1,"retryReasons":[],"startAt":1782014896686,"status":"passed","title":"should set active tuning to quartertone"},{"ancestorTitles":["MicrotonalEngine","setActiveTuning()"],"duration":0,"failing":false,"failureDetails":[],"failureMessages":[],"fullName":"MicrotonalEngine setActiveTuning() should set active tuning to just","invocations":1,"location":null,"numPassingAsserts":1,"retryReasons":[],"startAt":1782014896686,"status":"passed","title":"should set active tuning to just"},{"ancestorTitles":["MicrotonalEngine","setActiveTuning()"],"duration":1,"failing":false,"failureDetails":[],"failureMessages":[],"fullName":"MicrotonalEngine setActiveTuning() should set active tuning to pythagorean","invocations":1,"location":null,"numPassingAsserts":1,"retryReasons":[],"startAt":1782014896686,"status":"passed","title":"should set active tuning to pythagorean"},{"ancestorTitles":["MicrotonalEngine","setActiveTuning()"],"duration":0,"failing":false,"failureDetails":[],"failureMessages":[],"fullName":"MicrotonalEngine setActiveTuning() should throw error for unknown tuning","invocations":1,"location":null,"numPassingAsserts":1,"retryReasons":[],"startAt":1782014896687,"status":"passed","title":"should throw error for unknown tuning"},{"ancestorTitles":["MicrotonalEngine","getActiveTuning()"],"duration":0,"failing":false,"failureDetails":[],"failureMessages":[],"fullName":"MicrotonalEngine getActiveTuning() should return the active tuning system","invocations":1,"location":null,"numPassingAsserts":2,"retryReasons":[],"startAt":1782014896687,"status":"passed","title":"should return the active tuning system"},{"ancestorTitles":["MicrotonalEngine","getActiveTuning()"],"duration":0,"failing":false,"failureDetails":[],"failureMessages":[],"fullName":"MicrotonalEngine getActiveTuning() should return tuning with correct properties","invocations":1,"location":null,"numPassingAsserts":2,"retryReasons":[],"startAt":1782014896687,"status":"passed","title":"should return tuning with correct properties"},{"ancestorTitles":["MicrotonalEngine","getAllTunings()"],"duration":0,"failing":false,"failureDetails":[],"failureMessages":[],"fullName":"MicrotonalEngine getAllTunings() should return all tuning systems","invocations":1,"location":null,"numPassingAsserts":5,"retryReasons":[],"startAt":1782014896688,"status":"passed","title":"should return all tuning systems"},{"ancestorTitles":["MicrotonalEngine","quarter-tone tuning"],"duration":2,"failing":false,"failureDetails":[],"failureMessages":[],"fullName":"MicrotonalEngine quarter-tone tuning should calculate quarter-tone offsets","invocations":1,"location":null,"numPassingAsserts":2,"retryReasons":[],"startAt":1782014896688,"status":"passed","title":"should calculate quarter-tone offsets"},{"ancestorTitles":["MicrotonalEngine","just intonation tuning"],"duration":0,"failing":false,"failureDetails":[],"failureMessages":[],"fullName":"MicrotonalEngine just intonation tuning should apply just intonation ratios","invocations":1,"location":null,"numPassingAsserts":2,"retryReasons":[],"startAt":1782014896690,"status":"passed","title":"should apply just intonation ratios"},{"ancestorTitles":["MicrotonalEngine","constructor options"],"duration":0,"failing":false,"failureDetails":[],"failureMessages":[],"fullName":"MicrotonalEngine constructor options should respect custom tuningSystem option","invocations":1,"location":null,"numPassingAsserts":1,"retryReasons":[],"startAt":1782014896690,"status":"passed","title":"should respect custom tuningSystem option"},{"ancestorTitles":["MicrotonalEngine","constructor options"],"duration":0,"failing":false,"failureDetails":[],"failureMessages":[],"fullName":"MicrotonalEngine constructor options should respect custom microtoneResolution option","invocations":1,"location":null,"numPassingAsserts":1,"retryReasons":[],"startAt":1782014896690,"status":"passed","title":"should respect custom microtoneResolution option"}],"endTime":1782014896691,"message":"","name":"/Users/sheldonlawrence/Desktop/progress/mgen/tests/microtonalEngine.test.js","startTime":1782014896507,"status":"passed","summary":""},{"assertionResults":[{"ancestorTitles":["StructuralPlanner (Pass A)","execute()"],"duration":4,"failing":false,"failureDetails":[],"failureMessages":[],"fullName":"StructuralPlanner (Pass A) execute() should generate structural notes for a simple chord progression","invocations":1,"location":null,"numPassingAsserts":3,"retryReasons":[],"startAt":1782014896669,"status":"passed","title":"should generate structural notes for a simple chord progression"},{"ancestorTitles":["StructuralPlanner (Pass A)","execute()"],"duration":0,"failing":false,"failureDetails":[],"failureMessages":[],"fullName":"StructuralPlanner (Pass A) execute() should respect phrase role in note selection","invocations":1,"location":null,"numPassingAsserts":1,"retryReasons":[],"startAt":1782014896673,"status":"passed","title":"should respect phrase role in note selection"},{"ancestorTitles":["StructuralPlanner (Pass A)","execute()"],"duration":1,"failing":false,"failureDetails":[],"failureMessages":[],"fullName":"StructuralPlanner (Pass A) execute() should generate notes within register constraints","invocations":1,"location":null,"numPassingAsserts":4,"retryReasons":[],"startAt":1782014896673,"status":"passed","title":"should generate notes within register constraints"},{"ancestorTitles":["StructuralPlanner (Pass A)","execute()"],"duration":0,"failing":false,"failureDetails":[],"failureMessages":[],"fullName":"StructuralPlanner (Pass A) execute() should enforce voice leading between consecutive notes","invocations":1,"location":null,"numPassingAsserts":2,"retryReasons":[],"startAt":1782014896674,"status":"passed","title":"should enforce voice leading between consecutive notes"},{"ancestorTitles":["StructuralPlanner (Pass A)","execute()"],"duration":1,"failing":false,"failureDetails":[],"failureMessages":[],"fullName":"StructuralPlanner (Pass A) execute() should return proper PassResult with evaluation metrics","invocations":1,"location":null,"numPassingAsserts":5,"retryReasons":[],"startAt":1782014896674,"status":"passed","title":"should return proper PassResult with evaluation metrics"},{"ancestorTitles":["StructuralPlanner (Pass A)","execute()"],"duration":1,"failing":false,"failureDetails":[],"failureMessages":[],"fullName":"StructuralPlanner (Pass A) execute() should handle empty chord progression gracefully","invocations":1,"location":null,"numPassingAsserts":2,"retryReasons":[],"startAt":1782014896675,"status":"passed","title":"should handle empty chord progression gracefully"},{"ancestorTitles":["StructuralPlanner (Pass A)","_getChordTones()"],"duration":0,"failing":false,"failureDetails":[],"failureMessages":[],"fullName":"StructuralPlanner (Pass A) _getChordTones() should return correct chord tones for major chords","invocations":1,"location":null,"numPassingAsserts":2,"retryReasons":[],"startAt":1782014896676,"status":"passed","title":"should return correct chord tones for major chords"},{"ancestorTitles":["StructuralPlanner (Pass A)","_getChordTones()"],"duration":0,"failing":false,"failureDetails":[],"failureMessages":[],"fullName":"StructuralPlanner (Pass A) _getChordTones() should return correct chord tones for minor chords","invocations":1,"location":null,"numPassingAsserts":2,"retryReasons":[],"startAt":1782014896676,"status":"passed","title":"should return correct chord tones for minor chords"},{"ancestorTitles":["StructuralPlanner (Pass A)","_getChordTones()"],"duration":1,"failing":false,"failureDetails":[],"failureMessages":[],"fullName":"StructuralPlanner (Pass A) _getChordTones() should return correct chord tones for dominant 7th chords","invocations":1,"location":null,"numPassingAsserts":2,"retryReasons":[],"startAt":1782014896676,"status":"passed","title":"should return correct chord tones for dominant 7th chords"},{"ancestorTitles":["StructuralPlanner (Pass A)","_noteNameToMidi()"],"duration":0,"failing":false,"failureDetails":[],"failureMessages":[],"fullName":"StructuralPlanner (Pass A) _noteNameToMidi() should convert C4 to MIDI 60","invocations":1,"location":null,"numPassingAsserts":1,"retryReasons":[],"startAt":1782014896677,"status":"passed","title":"should convert C4 to MIDI 60"},{"ancestorTitles":["StructuralPlanner (Pass A)","_noteNameToMidi()"],"duration":1,"failing":false,"failureDetails":[],"failureMessages":[],"fullName":"StructuralPlanner (Pass A) _noteNameToMidi() should convert A4 to MIDI 69","invocations":1,"location":null,"numPassingAsserts":1,"retryReasons":[],"startAt":1782014896677,"status":"passed","title":"should convert A4 to MIDI 69"},{"ancestorTitles":["StructuralPlanner (Pass A)","_noteNameToMidi()"],"duration":0,"failing":false,"failureDetails":[],"failureMessages":[],"fullName":"StructuralPlanner (Pass A) _noteNameToMidi() should handle flat notes","invocations":1,"location":null,"numPassingAsserts":1,"retryReasons":[],"startAt":1782014896678,"status":"passed","title":"should handle flat notes"},{"ancestorTitles":["StructuralPlanner (Pass A)","_noteNameToMidi()"],"duration":0,"failing":false,"failureDetails":[],"failureMessages":[],"fullName":"StructuralPlanner (Pass A) _noteNameToMidi() should handle sharp notes","invocations":1,"location":null,"numPassingAsserts":1,"retryReasons":[],"startAt":1782014896678,"status":"passed","title":"should handle sharp notes"},{"ancestorTitles":["StructuralPlanner (Pass A)","pitchDiversityMode: cycle"],"duration":1,"failing":false,"failureDetails":[],"failureMessages":[],"fullName":"StructuralPlanner (Pass A) pitchDiversityMode: cycle should produce different pitches for consecutive notes from the same chord when pitchDiversityMode is cycle","invocations":1,"location":null,"numPassingAsserts":1,"retryReasons":[],"startAt":1782014896678,"status":"passed","title":"should produce different pitches for consecutive notes from the same chord when pitchDiversityMode is cycle"},{"ancestorTitles":["StructuralPlanner (Pass A)","pitchDiversityMode: cycle"],"duration":0,"failing":false,"failureDetails":[],"failureMessages":[],"fullName":"StructuralPlanner (Pass A) pitchDiversityMode: cycle should avoid previous pitch when pitchDiversityMode is avoid-previous","invocations":1,"location":null,"numPassingAsserts":1,"retryReasons":[],"startAt":1782014896679,"status":"passed","title":"should avoid previous pitch when pitchDiversityMode is avoid-previous"}],"endTime":1782014896680,"message":"","name":"/Users/sheldonlawrence/Desktop/progress/mgen/tests/passA_structural.test.js","startTime":1782014896505,"status":"passed","summary":""},{"assertionResults":[{"ancestorTitles":["MotifEngine","execute()"],"duration":2,"failing":false,"failureDetails":[],"failureMessages":[],"fullName":"MotifEngine execute() should extract motif families from structural notes","invocations":1,"location":null,"numPassingAsserts":3,"retryReasons":[],"startAt":1782014896685,"status":"passed","title":"should extract motif families from structural notes"},{"ancestorTitles":["MotifEngine","execute()"],"duration":0,"failing":false,"failureDetails":[],"failureMessages":[],"fullName":"MotifEngine execute() should return proper PassResult with evaluation metrics","invocations":1,"location":null,"numPassingAsserts":5,"retryReasons":[],"startAt":1782014896687,"status":"passed","title":"should return proper PassResult with evaluation metrics"},{"ancestorTitles":["MotifEngine","execute()"],"duration":1,"failing":false,"failureDetails":[],"failureMessages":[],"fullName":"MotifEngine execute() should handle empty previous notes","invocations":1,"location":null,"numPassingAsserts":2,"retryReasons":[],"startAt":1782014896687,"status":"passed","title":"should handle empty previous notes"},{"ancestorTitles":["MotifEngine","execute()"],"duration":0,"failing":false,"failureDetails":[],"failureMessages":[],"fullName":"MotifEngine execute() should handle single note (no motifs possible)","invocations":1,"location":null,"numPassingAsserts":2,"retryReasons":[],"startAt":1782014896688,"status":"passed","title":"should handle single note (no motifs possible)"},{"ancestorTitles":["MotifEngine","execute()"],"duration":0,"failing":false,"failureDetails":[],"failureMessages":[],"fullName":"MotifEngine execute() should not extract motifs when below minimum length","invocations":1,"location":null,"numPassingAsserts":2,"retryReasons":[],"startAt":1782014896688,"status":"passed","title":"should not extract motifs when below minimum length"},{"ancestorTitles":["MotifEngine","getMotifFamilies()"],"duration":1,"failing":false,"failureDetails":[],"failureMessages":[],"fullName":"MotifEngine getMotifFamilies() should return extracted motif families","invocations":1,"location":null,"numPassingAsserts":1,"retryReasons":[],"startAt":1782014896688,"status":"passed","title":"should return extracted motif families"},{"ancestorTitles":["MotifEngine","constructor options"],"duration":0,"failing":false,"failureDetails":[],"failureMessages":[],"fullName":"MotifEngine constructor options should respect custom minMotifLength","invocations":1,"location":null,"numPassingAsserts":1,"retryReasons":[],"startAt":1782014896689,"status":"passed","title":"should respect custom minMotifLength"},{"ancestorTitles":["MotifEngine","constructor options"],"duration":0,"failing":false,"failureDetails":[],"failureMessages":[],"fullName":"MotifEngine constructor options should respect custom maxMotifLength","invocations":1,"location":null,"numPassingAsserts":1,"retryReasons":[],"startAt":1782014896689,"status":"passed","title":"should respect custom maxMotifLength"},{"ancestorTitles":["MotifEngine","constructor options"],"duration":0,"failing":false,"failureDetails":[],"failureMessages":[],"fullName":"MotifEngine constructor options should respect custom transformProbability","invocations":1,"location":null,"numPassingAsserts":1,"retryReasons":[],"startAt":1782014896689,"status":"passed","title":"should respect custom transformProbability"}],"endTime":1782014896692,"message":"","name":"/Users/sheldonlawrence/Desktop/progress/mgen/tests/motifEngine.test.js","startTime":1782014896506,"status":"passed","summary":""},{"assertionResults":[{"ancestorTitles":["Pitch Diversity Feature","Pass A - StructuralPlanner with pitchDiversityMode: cycle"],"duration":2,"failing":false,"failureDetails":[],"failureMessages":[],"fullName":"Pitch Diversity Feature Pass A - StructuralPlanner with pitchDiversityMode: cycle should cycle through chord tones when mode is cycle and weight is 1.0","invocations":1,"location":null,"numPassingAsserts":2,"retryReasons":[],"startAt":1782014896659,"status":"passed","title":"should cycle through chord tones when mode is cycle and weight is 1.0"},{"ancestorTitles":["Pitch Diversity Feature","Pass A - StructuralPlanner with pitchDiversityMode: cycle"],"duration":1,"failing":false,"failureDetails":[],"failureMessages":[],"fullName":"Pitch Diversity Feature Pass A - StructuralPlanner with pitchDiversityMode: cycle should cycle through maj7 chord tones (4 tones)","invocations":1,"location":null,"numPassingAsserts":1,"retryReasons":[],"startAt":1782014896661,"status":"passed","title":"should cycle through maj7 chord tones (4 tones)"},{"ancestorTitles":["Pitch Diversity Feature","Pass A - StructuralPlanner with pitchDiversityMode: cycle"],"duration":0,"failing":false,"failureDetails":[],"failureMessages":[],"fullName":"Pitch Diversity Feature Pass A - StructuralPlanner with pitchDiversityMode: cycle should cycle through minor chord tones","invocations":1,"location":null,"numPassingAsserts":1,"retryReasons":[],"startAt":1782014896662,"status":"passed","title":"should cycle through minor chord tones"},{"ancestorTitles":["Pitch Diversity Feature","Pass A - StructuralPlanner with pitchDiversityMode: cycle"],"duration":0,"failing":false,"failureDetails":[],"failureMessages":[],"fullName":"Pitch Diversity Feature Pass A - StructuralPlanner with pitchDiversityMode: cycle should cycle through 7th chord tones (4 tones)","invocations":1,"location":null,"numPassingAsserts":1,"retryReasons":[],"startAt":1782014896662,"status":"passed","title":"should cycle through 7th chord tones (4 tones)"},{"ancestorTitles":["Pitch Diversity Feature","Pass A - StructuralPlanner with pitchDiversityMode: cycle"],"duration":0,"failing":false,"failureDetails":[],"failureMessages":[],"fullName":"Pitch Diversity Feature Pass A - StructuralPlanner with pitchDiversityMode: cycle should cycle through augmented chord tones (3 tones)","invocations":1,"location":null,"numPassingAsserts":1,"retryReasons":[],"startAt":1782014896662,"status":"passed","title":"should cycle through augmented chord tones (3 tones)"},{"ancestorTitles":["Pitch Diversity Feature","Pass A - StructuralPlanner with pitchDiversityMode: cycle"],"duration":0,"failing":false,"failureDetails":[],"failureMessages":[],"fullName":"Pitch Diversity Feature Pass A - StructuralPlanner with pitchDiversityMode: cycle should produce different pitches for 10+ slices of the same chord","invocations":1,"location":null,"numPassingAsserts":1,"retryReasons":[],"startAt":1782014896663,"status":"passed","title":"should produce different pitches for 10+ slices of the same chord"},{"ancestorTitles":["Pitch Diversity Feature","Pass A - StructuralPlanner with pitchDiversityMode: cycle"],"duration":0,"failing":false,"failureDetails":[],"failureMessages":[],"fullName":"Pitch Diversity Feature Pass A - StructuralPlanner with pitchDiversityMode: cycle should not cycle when weight is 0.0 (baseline behavior)","invocations":1,"location":null,"numPassingAsserts":1,"retryReasons":[],"startAt":1782014896663,"status":"passed","title":"should not cycle when weight is 0.0 (baseline behavior)"},{"ancestorTitles":["Pitch Diversity Feature","Pass A - StructuralPlanner with pitchDiversityMode: cycle"],"duration":0,"failing":false,"failureDetails":[],"failureMessages":[],"fullName":"Pitch Diversity Feature Pass A - StructuralPlanner with pitchDiversityMode: cycle should partially cycle when weight is 0.5","invocations":1,"location":null,"numPassingAsserts":1,"retryReasons":[],"startAt":1782014896663,"status":"passed","title":"should partially cycle when weight is 0.5"},{"ancestorTitles":["Pitch Diversity Feature","Pass A - StructuralPlanner with pitchDiversityMode: cycle"],"duration":0,"failing":false,"failureDetails":[],"failureMessages":[],"fullName":"Pitch Diversity Feature Pass A - StructuralPlanner with pitchDiversityMode: cycle should handle single-note chords (no cycling possible)","invocations":1,"location":null,"numPassingAsserts":1,"retryReasons":[],"startAt":1782014896663,"status":"passed","title":"should handle single-note chords (no cycling possible)"},{"ancestorTitles":["Pitch Diversity Feature","Pass A - StructuralPlanner with pitchDiversityMode: cycle"],"duration":1,"failing":false,"failureDetails":[],"failureMessages":[],"fullName":"Pitch Diversity Feature Pass A - StructuralPlanner with pitchDiversityMode: cycle should handle long progressions without any single pitch exceeding 25%","invocations":1,"location":null,"numPassingAsserts":1,"retryReasons":[],"startAt":1782014896663,"status":"passed","title":"should handle long progressions without any single pitch exceeding 25%"},{"ancestorTitles":["Pitch Diversity Feature","Pass A - StructuralPlanner with pitchDiversityMode: avoid-previous"],"duration":0,"failing":false,"failureDetails":[],"failureMessages":[],"fullName":"Pitch Diversity Feature Pass A - StructuralPlanner with pitchDiversityMode: avoid-previous should avoid previous pitch when mode is avoid-previous and weight is 1.0","invocations":1,"location":null,"numPassingAsserts":2,"retryReasons":[],"startAt":1782014896664,"status":"passed","title":"should avoid previous pitch when mode is avoid-previous and weight is 1.0"},{"ancestorTitles":["Pitch Diversity Feature","Pass A - StructuralPlanner with pitchDiversityMode: avoid-previous"],"duration":0,"failing":false,"failureDetails":[],"failureMessages":[],"fullName":"Pitch Diversity Feature Pass A - StructuralPlanner with pitchDiversityMode: avoid-previous should not avoid previous when weight is 0.0 (baseline)","invocations":1,"location":null,"numPassingAsserts":1,"retryReasons":[],"startAt":1782014896664,"status":"passed","title":"should not avoid previous when weight is 0.0 (baseline)"},{"ancestorTitles":["Pitch Diversity Feature","Pass A - StructuralPlanner with pitchDiversityMode: avoid-previous"],"duration":0,"failing":false,"failureDetails":[],"failureMessages":[],"fullName":"Pitch Diversity Feature Pass A - StructuralPlanner with pitchDiversityMode: avoid-previous should handle different phrase roles with avoid-previous mode","invocations":1,"location":null,"numPassingAsserts":1,"retryReasons":[],"startAt":1782014896664,"status":"passed","title":"should handle different phrase roles with avoid-previous mode"},{"ancestorTitles":["Pitch Diversity Feature","Pass A - StructuralPlanner with pitchDiversityMode: avoid-previous"],"duration":0,"failing":false,"failureDetails":[],"failureMessages":[],"fullName":"Pitch Diversity Feature Pass A - StructuralPlanner with pitchDiversityMode: avoid-previous should handle release phrase role with avoid-previous mode","invocations":1,"location":null,"numPassingAsserts":1,"retryReasons":[],"startAt":1782014896665,"status":"passed","title":"should handle release phrase role with avoid-previous mode"},{"ancestorTitles":["Pitch Diversity Feature","Pass A - StructuralPlanner with pitchDiversityMode: avoid-previous"],"duration":0,"failing":false,"failureDetails":[],"failureMessages":[],"fullName":"Pitch Diversity Feature Pass A - StructuralPlanner with pitchDiversityMode: avoid-previous should handle resolution phrase role with avoid-previous mode","invocations":1,"location":null,"numPassingAsserts":1,"retryReasons":[],"startAt":1782014896665,"status":"passed","title":"should handle resolution phrase role with avoid-previous mode"},{"ancestorTitles":["Pitch Diversity Feature","Pass C - ConnectorPlanner pitch diversity"],"duration":0,"failing":false,"failureDetails":[],"failureMessages":[],"fullName":"Pitch Diversity Feature Pass C - ConnectorPlanner pitch diversity should not generate connectors for same-pitch gaps","invocations":1,"location":null,"numPassingAsserts":1,"retryReasons":[],"startAt":1782014896665,"status":"passed","title":"should not generate connectors for same-pitch gaps"},{"ancestorTitles":["Pitch Diversity Feature","Pass C - ConnectorPlanner pitch diversity"],"duration":1,"failing":false,"failureDetails":[],"failureMessages":[],"fullName":"Pitch Diversity Feature Pass C - ConnectorPlanner pitch diversity should limit connectors for small distances (<=1 semitone) to max 2","invocations":1,"location":null,"numPassingAsserts":1,"retryReasons":[],"startAt":1782014896665,"status":"passed","title":"should limit connectors for small distances (<=1 semitone) to max 2"},{"ancestorTitles":["Pitch Diversity Feature","Pass C - ConnectorPlanner pitch diversity"],"duration":0,"failing":false,"failureDetails":[],"failureMessages":[],"fullName":"Pitch Diversity Feature Pass C - ConnectorPlanner pitch diversity should still generate normal connectors for large distances","invocations":1,"location":null,"numPassingAsserts":1,"retryReasons":[],"startAt":1782014896666,"status":"passed","title":"should still generate normal connectors for large distances"},{"ancestorTitles":["Pitch Diversity Feature","Pass C - ConnectorPlanner pitch diversity"],"duration":0,"failing":false,"failureDetails":[],"failureMessages":[],"fullName":"Pitch Diversity Feature Pass C - ConnectorPlanner pitch diversity should handle zero distance between different chord roots","invocations":1,"location":null,"numPassingAsserts":1,"retryReasons":[],"startAt":1782014896666,"status":"passed","title":"should handle zero distance between different chord roots"},{"ancestorTitles":["Pitch Diversity Feature","Pass D - OrnamentPlanner pitch diversity"],"duration":0,"failing":false,"failureDetails":[],"failureMessages":[],"fullName":"Pitch Diversity Feature Pass D - OrnamentPlanner pitch diversity should skip ornament after 3 consecutive same-pitch structural notes","invocations":1,"location":null,"numPassingAsserts":1,"retryReasons":[],"startAt":1782014896666,"status":"passed","title":"should skip ornament after 3 consecutive same-pitch structural notes"},{"ancestorTitles":["Pitch Diversity Feature","Pass D - OrnamentPlanner pitch diversity"],"duration":0,"failing":false,"failureDetails":[],"failureMessages":[],"fullName":"Pitch Diversity Feature Pass D - OrnamentPlanner pitch diversity should still ornament different pitches normally","invocations":1,"location":null,"numPassingAsserts":1,"retryReasons":[],"startAt":1782014896666,"status":"passed","title":"should still ornament different pitches normally"},{"ancestorTitles":["Pitch Diversity Feature","Pass D - OrnamentPlanner pitch diversity"],"duration":1,"failing":false,"failureDetails":[],"failureMessages":[],"fullName":"Pitch Diversity Feature Pass D - OrnamentPlanner pitch diversity should reset counter when pitch changes","invocations":1,"location":null,"numPassingAsserts":1,"retryReasons":[],"startAt":1782014896666,"status":"passed","title":"should reset counter when pitch changes"},{"ancestorTitles":["Pitch Diversity Feature","Pass E - ExpectationRefiner pitch diversity scoring"],"duration":0,"failing":false,"failureDetails":[],"failureMessages":[],"fullName":"Pitch Diversity Feature Pass E - ExpectationRefiner pitch diversity scoring should include pitchDiversityScore in metrics","invocations":1,"location":null,"numPassingAsserts":4,"retryReasons":[],"startAt":1782014896667,"status":"passed","title":"should include pitchDiversityScore in metrics"},{"ancestorTitles":["Pitch Diversity Feature","Pass E - ExpectationRefiner pitch diversity scoring"],"duration":0,"failing":false,"failureDetails":[],"failureMessages":[],"fullName":"Pitch Diversity Feature Pass E - ExpectationRefiner pitch diversity scoring should include highestPitchFrequency in metrics","invocations":1,"location":null,"numPassingAsserts":2,"retryReasons":[],"startAt":1782014896667,"status":"passed","title":"should include highestPitchFrequency in metrics"},{"ancestorTitles":["Pitch Diversity Feature","Pass E - ExpectationRefiner pitch diversity scoring"],"duration":3,"failing":false,"failureDetails":[],"failureMessages":[],"fullName":"Pitch Diversity Feature Pass E - ExpectationRefiner pitch diversity scoring should flag melodies where any pitch exceeds 30% of structural notes","invocations":1,"location":null,"numPassingAsserts":2,"retryReasons":[],"startAt":1782014896667,"status":"passed","title":"should flag melodies where any pitch exceeds 30% of structural notes"},{"ancestorTitles":["Pitch Diversity Feature","Pass E - ExpectationRefiner pitch diversity scoring"],"duration":0,"failing":false,"failureDetails":[],"failureMessages":[],"fullName":"Pitch Diversity Feature Pass E - ExpectationRefiner pitch diversity scoring should give high diversity score for varied melodies","invocations":1,"location":null,"numPassingAsserts":1,"retryReasons":[],"startAt":1782014896670,"status":"passed","title":"should give high diversity score for varied melodies"},{"ancestorTitles":["Pitch Diversity Feature","Pass E - ExpectationRefiner pitch diversity scoring"],"duration":0,"failing":false,"failureDetails":[],"failureMessages":[],"fullName":"Pitch Diversity Feature Pass E - ExpectationRefiner pitch diversity scoring should handle empty notes gracefully","invocations":1,"location":null,"numPassingAsserts":2,"retryReasons":[],"startAt":1782014896670,"status":"passed","title":"should handle empty notes gracefully"},{"ancestorTitles":["Pitch Diversity Feature","Pass E - ExpectationRefiner pitch diversity scoring"],"duration":0,"failing":false,"failureDetails":[],"failureMessages":[],"fullName":"Pitch Diversity Feature Pass E - ExpectationRefiner pitch diversity scoring should handle single note melodies","invocations":1,"location":null,"numPassingAsserts":1,"retryReasons":[],"startAt":1782014896670,"status":"passed","title":"should handle single note melodies"},{"ancestorTitles":["Pitch Diversity Feature","Integration - Full pipeline with pitch diversity"],"duration":13,"failing":false,"failureDetails":[],"failureMessages":[],"fullName":"Pitch Diversity Feature Integration - Full pipeline with pitch diversity should reduce pitch repetition when using cycle mode with high weight","invocations":1,"location":null,"numPassingAsserts":1,"retryReasons":[],"startAt":1782014896670,"status":"passed","title":"should reduce pitch repetition when using cycle mode with high weight"},{"ancestorTitles":["Pitch Diversity Feature","Integration - Full pipeline with pitch diversity"],"duration":12,"failing":false,"failureDetails":[],"failureMessages":[],"fullName":"Pitch Diversity Feature Integration - Full pipeline with pitch diversity should show higher pitchDiversityScore with cycle mode vs avoid-previous","invocations":1,"location":null,"numPassingAsserts":3,"retryReasons":[],"startAt":1782014896683,"status":"passed","title":"should show higher pitchDiversityScore with cycle mode vs avoid-previous"}],"endTime":1782014896696,"message":"","name":"/Users/sheldonlawrence/Desktop/progress/mgen/tests/pitchDiversity.test.js","startTime":1782014896502,"status":"passed","summary":""},{"assertionResults":[{"ancestorTitles":["CadencePlanner (Pass B)","execute()"],"duration":7,"failing":false,"failureDetails":[],"failureMessages":[],"fullName":"CadencePlanner (Pass B) execute() should generate cadence notes for phrase endings","invocations":1,"location":null,"numPassingAsserts":3,"retryReasons":[],"startAt":1782014896686,"status":"passed","title":"should generate cadence notes for phrase endings"},{"ancestorTitles":["CadencePlanner (Pass B)","execute()"],"duration":0,"failing":false,"failureDetails":[],"failureMessages":[],"fullName":"CadencePlanner (Pass B) execute() should avoid tonic resolution for antecedent phrases","invocations":1,"location":null,"numPassingAsserts":1,"retryReasons":[],"startAt":1782014896694,"status":"passed","title":"should avoid tonic resolution for antecedent phrases"},{"ancestorTitles":["CadencePlanner (Pass B)","execute()"],"duration":0,"failing":false,"failureDetails":[],"failureMessages":[],"fullName":"CadencePlanner (Pass B) execute() should generate cadence notes at chord boundaries","invocations":1,"location":null,"numPassingAsserts":3,"retryReasons":[],"startAt":1782014896694,"status":"passed","title":"should generate cadence notes at chord boundaries"},{"ancestorTitles":["CadencePlanner (Pass B)","execute()"],"duration":0,"failing":false,"failureDetails":[],"failureMessages":[],"fullName":"CadencePlanner (Pass B) execute() should return proper PassResult with evaluation metrics","invocations":1,"location":null,"numPassingAsserts":3,"retryReasons":[],"startAt":1782014896694,"status":"passed","title":"should return proper PassResult with evaluation metrics"},{"ancestorTitles":["CadencePlanner (Pass B)","execute()"],"duration":1,"failing":false,"failureDetails":[],"failureMessages":[],"fullName":"CadencePlanner (Pass B) execute() should handle empty chord progression gracefully","invocations":1,"location":null,"numPassingAsserts":2,"retryReasons":[],"startAt":1782014896694,"status":"passed","title":"should handle empty chord progression gracefully"},{"ancestorTitles":["CadencePlanner (Pass B)","_identifyCadencePoints()"],"duration":0,"failing":false,"failureDetails":[],"failureMessages":[],"fullName":"CadencePlanner (Pass B) _identifyCadencePoints() should identify last chord as cadence point","invocations":1,"location":null,"numPassingAsserts":2,"retryReasons":[],"startAt":1782014896695,"status":"passed","title":"should identify last chord as cadence point"},{"ancestorTitles":["CadencePlanner (Pass B)","_identifyCadencePoints()"],"duration":0,"failing":false,"failureDetails":[],"failureMessages":[],"fullName":"CadencePlanner (Pass B) _identifyCadencePoints() should i
[...]
ressFixtureGenerator generatePhraseContext() should generate a valid PhraseContext object","invocations":1,"location":null,"numPassingAsserts":4,"retryReasons":[],"startAt":1782014896781,"status":"passed","title":"should generate a valid PhraseContext object"},{"ancestorTitles":["progressFixtureGenerator","generatePhraseContext()"],"duration":1,"failing":false,"failureDetails":[],"failureMessages":[],"fullName":"progressFixtureGenerator generatePhraseContext() should generate valid role values","invocations":1,"location":null,"numPassingAsserts":50,"retryReasons":[],"startAt":1782014896781,"status":"passed","title":"should generate valid role values"},{"ancestorTitles":["progressFixtureGenerator","generatePhraseContext()"],"duration":1,"failing":false,"failureDetails":[],"failureMessages":[],"fullName":"progressFixtureGenerator generatePhraseContext() should generate tensionLevel in range 0.1-0.95","invocations":1,"location":null,"numPassingAsserts":40,"retryReasons":[],"startAt":1782014896782,"status":"passed","title":"should generate tensionLevel in range 0.1-0.95"},{"ancestorTitles":["progressFixtureGenerator","generatePhraseContext()"],"duration":0,"failing":false,"failureDetails":[],"failureMessages":[],"fullName":"progressFixtureGenerator generatePhraseContext() should respect forced parameters","invocations":1,"location":null,"numPassingAsserts":4,"retryReasons":[],"startAt":1782014896783,"status":"passed","title":"should respect forced parameters"},{"ancestorTitles":["progressFixtureGenerator","generatePhraseContext()"],"duration":0,"failing":false,"failureDetails":[],"failureMessages":[],"fullName":"progressFixtureGenerator generatePhraseContext() should sometimes generate null registerTarget","invocations":1,"location":null,"numPassingAsserts":1,"retryReasons":[],"startAt":1782014896783,"status":"passed","title":"should sometimes generate null registerTarget"},{"ancestorTitles":["progressFixtureGenerator","generatePhraseContext()"],"duration":0,"failing":false,"failureDetails":[],"failureMessages":[],"fullName":"progressFixtureGenerator generatePhraseContext() should sometimes generate antecedent=true","invocations":1,"location":null,"numPassingAsserts":1,"retryReasons":[],"startAt":1782014896783,"status":"passed","title":"should sometimes generate antecedent=true"},{"ancestorTitles":["progressFixtureGenerator","generateMgenChords()"],"duration":1,"failing":false,"failureDetails":[],"failureMessages":[],"fullName":"progressFixtureGenerator generateMgenChords() should generate an array of Chord objects","invocations":1,"location":null,"numPassingAsserts":3,"retryReasons":[],"startAt":1782014896783,"status":"passed","title":"should generate an array of Chord objects"},{"ancestorTitles":["progressFixtureGenerator","generateMgenChords()"],"duration":0,"failing":false,"failureDetails":[],"failureMessages":[],"fullName":"progressFixtureGenerator generateMgenChords() should generate chords with all required fields","invocations":1,"location":null,"numPassingAsserts":16,"retryReasons":[],"startAt":1782014896784,"status":"passed","title":"should generate chords with all required fields"},{"ancestorTitles":["progressFixtureGenerator","generateMgenChords()"],"duration":1,"failing":false,"failureDetails":[],"failureMessages":[],"fullName":"progressFixtureGenerator generateMgenChords() should generate valid root note values","invocations":1,"location":null,"numPassingAsserts":86,"retryReasons":[],"startAt":1782014896784,"status":"passed","title":"should generate valid root note values"},{"ancestorTitles":["progressFixtureGenerator","generateMgenChords()"],"duration":2,"failing":false,"failureDetails":[],"failureMessages":[],"fullName":"progressFixtureGenerator generateMgenChords() should generate valid quality values","invocations":1,"location":null,"numPassingAsserts":79,"retryReasons":[],"startAt":1782014896785,"status":"passed","title":"should generate valid quality values"},{"ancestorTitles":["progressFixtureGenerator","generateMgenChords()"],"duration":1,"failing":false,"failureDetails":[],"failureMessages":[],"fullName":"progressFixtureGenerator generateMgenChords() should generate increasing beatStart values","invocations":1,"location":null,"numPassingAsserts":66,"retryReasons":[],"startAt":1782014896787,"status":"passed","title":"should generate increasing beatStart values"},{"ancestorTitles":["progressFixtureGenerator","generateMgenChords()"],"duration":0,"failing":false,"failureDetails":[],"failureMessages":[],"fullName":"progressFixtureGenerator generateMgenChords() should respect forced count parameter","invocations":1,"location":null,"numPassingAsserts":1,"retryReasons":[],"startAt":1782014896788,"status":"passed","title":"should respect forced count parameter"},{"ancestorTitles":["progressFixtureGenerator","generateMgenChords()"],"duration":0,"failing":false,"failureDetails":[],"failureMessages":[],"fullName":"progressFixtureGenerator generateMgenChords() should respect forced startBeat parameter","invocations":1,"location":null,"numPassingAsserts":1,"retryReasons":[],"startAt":1782014896788,"status":"passed","title":"should respect forced startBeat parameter"},{"ancestorTitles":["progressFixtureGenerator","generateMgenChords()"],"duration":15,"failing":false,"failureDetails":[],"failureMessages":[],"fullName":"progressFixtureGenerator generateMgenChords() should generate valid scaleDegrees (0-11, sorted, unique)","invocations":1,"location":null,"numPassingAsserts":969,"retryReasons":[],"startAt":1782014896788,"status":"passed","title":"should generate valid scaleDegrees (0-11, sorted, unique)"},{"ancestorTitles":["progressFixtureGenerator","generateMelodyResult()"],"duration":0,"failing":false,"failureDetails":[],"failureMessages":[],"fullName":"progressFixtureGenerator generateMelodyResult() should generate a valid MelodyResult object","invocations":1,"location":null,"numPassingAsserts":3,"retryReasons":[],"startAt":1782014896803,"status":"passed","title":"should generate a valid MelodyResult object"},{"ancestorTitles":["progressFixtureGenerator","generateMelodyResult()"],"duration":1,"failing":false,"failureDetails":[],"failureMessages":[],"fullName":"progressFixtureGenerator generateMelodyResult() should generate metadata with all required fields","invocations":1,"location":null,"numPassingAsserts":4,"retryReasons":[],"startAt":1782014896803,"status":"passed","title":"should generate metadata with all required fields"},{"ancestorTitles":["progressFixtureGenerator","generateMelodyResult()"],"duration":0,"failing":false,"failureDetails":[],"failureMessages":[],"fullName":"progressFixtureGenerator generateMelodyResult() should generate passResults when withPassResults=true","invocations":1,"location":null,"numPassingAsserts":3,"retryReasons":[],"startAt":1782014896804,"status":"passed","title":"should generate passResults when withPassResults=true"},{"ancestorTitles":["progressFixtureGenerator","generateMelodyResult()"],"duration":0,"failing":false,"failureDetails":[],"failureMessages":[],"fullName":"progressFixtureGenerator generateMelodyResult() should omit passResults when withPassResults=false","invocations":1,"location":null,"numPassingAsserts":1,"retryReasons":[],"startAt":1782014896804,"status":"passed","title":"should omit passResults when withPassResults=false"},{"ancestorTitles":["progressFixtureGenerator","generateMelodyResult()"],"duration":1,"failing":false,"failureDetails":[],"failureMessages":[],"fullName":"progressFixtureGenerator generateMelodyResult() should generate executionLog when withExecutionLog=true","invocations":1,"location":null,"numPassingAsserts":34,"retryReasons":[],"startAt":1782014896804,"status":"passed","title":"should generate executionLog when withExecutionLog=true"},{"ancestorTitles":["progressFixtureGenerator","generateMelodyResult()"],"duration":0,"failing":false,"failureDetails":[],"failureMessages":[],"fullName":"progressFixtureGenerator generateMelodyResult() should omit executionLog when withExecutionLog=false","invocations":1,"location":null,"numPassingAsserts":1,"retryReasons":[],"startAt":1782014896805,"status":"passed","title":"should omit executionLog when withExecutionLog=false"},{"ancestorTitles":["progressFixtureGenerator","generateMelodyResult()"],"duration":1,"failing":false,"failureDetails":[],"failureMessages":[],"fullName":"progressFixtureGenerator generateMelodyResult() should generate valid PassResult objects","invocations":1,"location":null,"numPassingAsserts":40,"retryReasons":[],"startAt":1782014896805,"status":"passed","title":"should generate valid PassResult objects"},{"ancestorTitles":["progressFixtureGenerator","generateMelodyResult()"],"duration":2,"failing":false,"failureDetails":[],"failureMessages":[],"fullName":"progressFixtureGenerator generateMelodyResult() should generate valid metrics for each PassResult","invocations":1,"location":null,"numPassingAsserts":56,"retryReasons":[],"startAt":1782014896806,"status":"passed","title":"should generate valid metrics for each PassResult"},{"ancestorTitles":["progressFixtureGenerator","generateMelodyResult()"],"duration":0,"failing":false,"failureDetails":[],"failureMessages":[],"fullName":"progressFixtureGenerator generateMelodyResult() should generate correct pass names for all 8 passes","invocations":1,"location":null,"numPassingAsserts":8,"retryReasons":[],"startAt":1782014896808,"status":"passed","title":"should generate correct pass names for all 8 passes"},{"ancestorTitles":["progressFixtureGenerator","generateMelodyResult()"],"duration":0,"failing":false,"failureDetails":[],"failureMessages":[],"fullName":"progressFixtureGenerator generateMelodyResult() should generate valid context per pass type","invocations":1,"location":null,"numPassingAsserts":8,"retryReasons":[],"startAt":1782014896808,"status":"passed","title":"should generate valid context per pass type"},{"ancestorTitles":["progressFixtureGenerator","generateMelodyResult()"],"duration":1,"failing":false,"failureDetails":[],"failureMessages":[],"fullName":"progressFixtureGenerator generateMelodyResult() should respect forced chord and phraseContext parameters","invocations":1,"location":null,"numPassingAsserts":2,"retryReasons":[],"startAt":1782014896808,"status":"passed","title":"should respect forced chord and phraseContext parameters"},{"ancestorTitles":["progressFixtureGenerator","generateMelodyResult()"],"duration":0,"failing":false,"failureDetails":[],"failureMessages":[],"fullName":"progressFixtureGenerator generateMelodyResult() should force failures when forceFailure=true","invocations":1,"location":null,"numPassingAsserts":16,"retryReasons":[],"startAt":1782014896809,"status":"passed","title":"should force failures when forceFailure=true"},{"ancestorTitles":["progressFixtureGenerator","Edge case generators","generateProgressWithRestAtStart()"],"duration":0,"failing":false,"failureDetails":[],"failureMessages":[],"fullName":"progressFixtureGenerator Edge case generators generateProgressWithRestAtStart() should generate a progression with a rest slice at the start","invocations":1,"location":null,"numPassingAsserts":2,"retryReasons":[],"startAt":1782014896809,"status":"passed","title":"should generate a progression with a rest slice at the start"},{"ancestorTitles":["progressFixtureGenerator","Edge case generators","generateProgressWithRestAtStart()"],"duration":1,"failing":false,"failureDetails":[],"failureMessages":[],"fullName":"progressFixtureGenerator Edge case generators generateProgressWithRestAtStart() should respect forced numChords parameter","invocations":1,"location":null,"numPassingAsserts":1,"retryReasons":[],"startAt":1782014896809,"status":"passed","title":"should respect forced numChords parameter"},{"ancestorTitles":["progressFixtureGenerator","Edge case generators","generateProgressWithRestAtStart()"],"duration":0,"failing":false,"failureDetails":[],"failureMessages":[],"fullName":"progressFixtureGenerator Edge case generators generateProgressWithRestAtStart() should respect forced baseKey and divisions","invocations":1,"location":null,"numPassingAsserts":2,"retryReasons":[],"startAt":1782014896810,"status":"passed","title":"should respect forced baseKey and divisions"},{"ancestorTitles":["progressFixtureGenerator","Edge case generators","generateMicrotonalProgress()"],"duration":0,"failing":false,"failureDetails":[],"failureMessages":[],"fullName":"progressFixtureGenerator Edge case generators generateMicrotonalProgress() should generate a progression with microtonal divisions","invocations":1,"location":null,"numPassingAsserts":2,"retryReasons":[],"startAt":1782014896810,"status":"passed","title":"should generate a progression with microtonal divisions"},{"ancestorTitles":["progressFixtureGenerator","Edge case generators","generateMicrotonalProgress()"],"duration":0,"failing":false,"failureDetails":[],"failureMessages":[],"fullName":"progressFixtureGenerator Edge case generators generateMicrotonalProgress() should include customTuning for microtonal progressions","invocations":1,"location":null,"numPassingAsserts":5,"retryReasons":[],"startAt":1782014896810,"status":"passed","title":"should include customTuning for microtonal progressions"},{"ancestorTitles":["progressFixtureGenerator","Edge case generators","generateMicrotonalProgress()"],"duration":0,"failing":false,"failureDetails":[],"failureMessages":[],"fullName":"progressFixtureGenerator Edge case generators generateMicrotonalProgress() should respect forced divisions parameter","invocations":1,"location":null,"numPassingAsserts":1,"retryReasons":[],"startAt":1782014896810,"status":"passed","title":"should respect forced divisions parameter"},{"ancestorTitles":["progressFixtureGenerator","Edge case generators","generateEmptyProgression()"],"duration":0,"failing":false,"failureDetails":[],"failureMessages":[],"fullName":"progressFixtureGenerator Edge case generators generateEmptyProgression() should generate a state with empty currentProgression","invocations":1,"location":null,"numPassingAsserts":2,"retryReasons":[],"startAt":1782014896811,"status":"passed","title":"should generate a state with empty currentProgression"},{"ancestorTitles":["progressFixtureGenerator","Edge case generators","generateEmptyProgression()"],"duration":0,"failing":false,"failureDetails":[],"failureMessages":[],"fullName":"progressFixtureGenerator Edge case generators generateEmptyProgression() should have default values for all fields","invocations":1,"location":null,"numPassingAsserts":4,"retryReasons":[],"startAt":1782014896811,"status":"passed","title":"should have default values for all fields"},{"ancestorTitles":["progressFixtureGenerator","Edge case generators","generateComplexProgression()"],"duration":1,"failing":false,"failureDetails":[],"failureMessages":[],"fullName":"progressFixtureGenerator Edge case generators generateComplexProgression() should generate a progression with maximum complexity","invocations":1,"location":null,"numPassingAsserts":20,"retryReasons":[],"startAt":1782014896811,"status":"passed","title":"should generate a progression with maximum complexity"},{"ancestorTitles":["progressFixtureGenerator","Edge case generators","generateComplexProgression()"],"duration":1,"failing":false,"failureDetails":[],"failureMessages":[],"fullName":"progressFixtureGenerator Edge case generators generateComplexProgression() should include advanced melodySettings","invocations":1,"location":null,"numPassingAsserts":3,"retryReasons":[],"startAt":1782014896812,"status":"passed","title":"should include advanced melodySettings"},{"ancestorTitles":["progressFixtureGenerator","Edge case generators","generateComplexProgression()"],"duration":1,"failing":false,"failureDetails":[],"failureMessages":[],"fullName":"progressFixtureGenerator Edge case generators generateComplexProgression() should include sections and songSequence","invocations":1,"location":null,"numPassingAsserts":4,"retryReasons":[],"startAt":1782014896813,"status":"passed","title":"should include sections and songSequence"},{"ancestorTitles":["progressFixtureGenerator","Edge case generators","generateComplexProgression()"],"duration":1,"failing":false,"failureDetails":[],"failureMessages":[],"fullName":"progressFixtureGenerator Edge case generators generateComplexProgression() should respect forced parameters","invocations":1,"location":null,"numPassingAsserts":3,"retryReasons":[],"startAt":1782014896814,"status":"passed","title":"should respect forced parameters"},{"ancestorTitles":["progressFixtureGenerator","setSeed() / deterministic generation"],"duration":1,"failing":false,"failureDetails":[],"failureMessages":[],"fullName":"progressFixtureGenerator setSeed() / deterministic generation should produce identical output with the same seed","invocations":1,"location":null,"numPassingAsserts":1,"retryReasons":[],"startAt":1782014896815,"status":"passed","title":"should produce identical output with the same seed"},{"ancestorTitles":["progressFixtureGenerator","setSeed() / deterministic generation"],"duration":0,"failing":false,"failureDetails":[],"failureMessages":[],"fullName":"progressFixtureGenerator setSeed() / deterministic generation should produce different output with different seeds","invocations":1,"location":null,"numPassingAsserts":1,"retryReasons":[],"startAt":1782014896816,"status":"passed","title":"should produce different output with different seeds"},{"ancestorTitles":["progressFixtureGenerator","setSeed() / deterministic generation"],"duration":0,"failing":false,"failureDetails":[],"failureMessages":[],"fullName":"progressFixtureGenerator setSeed() / deterministic generation should produce deterministic chord fixtures","invocations":1,"location":null,"numPassingAsserts":1,"retryReasons":[],"startAt":1782014896816,"status":"passed","title":"should produce deterministic chord fixtures"},{"ancestorTitles":["progressFixtureGenerator","setSeed() / deterministic generation"],"duration":0,"failing":false,"failureDetails":[],"failureMessages":[],"fullName":"progressFixtureGenerator setSeed() / deterministic generation should produce deterministic melody notes","invocations":1,"location":null,"numPassingAsserts":1,"retryReasons":[],"startAt":1782014896816,"status":"passed","title":"should produce deterministic melody notes"},{"ancestorTitles":["progressFixtureGenerator","Integration: full bridge flow"],"duration":1,"failing":false,"failureDetails":[],"failureMessages":[],"fullName":"progressFixtureGenerator Integration: full bridge flow should generate a complete Progress state that can be bridged to MelodyGen","invocations":1,"location":null,"numPassingAsserts":38,"retryReasons":[],"startAt":1782014896817,"status":"passed","title":"should generate a complete Progress state that can be bridged to MelodyGen"},{"ancestorTitles":["progressFixtureGenerator","Integration: full bridge flow"],"duration":1,"failing":false,"failureDetails":[],"failureMessages":[],"fullName":"progressFixtureGenerator Integration: full bridge flow should generate a MelodyResult that matches the expected output format","invocations":1,"location":null,"numPassingAsserts":89,"retryReasons":[],"startAt":1782014896818,"status":"passed","title":"should generate a MelodyResult that matches the expected output format"},{"ancestorTitles":["progressFixtureGenerator","Integration: full bridge flow"],"duration":1,"failing":false,"failureDetails":[],"failureMessages":[],"fullName":"progressFixtureGenerator Integration: full bridge flow should generate compatible Progress state and MelodyResult for bridge testing","invocations":1,"location":null,"numPassingAsserts":40,"retryReasons":[],"startAt":1782014896819,"status":"passed","title":"should generate compatible Progress state and MelodyResult for bridge testing"}],"endTime":1782014896822,"message":"","name":"/Users/sheldonlawrence/Desktop/progress/mgen/tests/progressFixtureGenerator.test.js","startTime":1782014896495,"status":"passed","summary":""}],"wasInterrupted":false}
